[debug] [2021-06-06T07:20:35.280Z] ----------------------------------------------------------------------
[debug] [2021-06-06T07:20:35.281Z] Command:       /usr/local/bin/node /usr/local/bin/firebase init
[debug] [2021-06-06T07:20:35.281Z] CLI Version:   9.12.1
[debug] [2021-06-06T07:20:35.281Z] Platform:      darwin
[debug] [2021-06-06T07:20:35.281Z] Node Version:  v15.12.0
[debug] [2021-06-06T07:20:35.282Z] Time:          Sun Jun 06 2021 00:20:35 GMT-0700 (Pacific Daylight Time)
[debug] [2021-06-06T07:20:35.283Z] ----------------------------------------------------------------------
[debug] 
[debug] [2021-06-06T07:20:35.286Z] >>> [apiv2][query] GET https://firebase-public.firebaseio.com/cli.json [none]
[debug] [2021-06-06T07:20:35.303Z] > command requires scopes: ["email","openid","https://www.googleapis.com/auth/cloudplatformprojects.readonly","https://www.googleapis.com/auth/firebase","https://www.googleapis.com/auth/cloud-platform"]
[debug] [2021-06-06T07:20:35.303Z] > authorizing via signed-in user (jliang619830@gmail.com)
[info] 
     ######## #### ########  ######## ########     ###     ######  ########
     ##        ##  ##     ## ##       ##     ##  ##   ##  ##       ##
     ######    ##  ########  ######   ########  #########  ######  ######
     ##        ##  ##    ##  ##       ##     ## ##     ##       ## ##
     ##       #### ##     ## ######## ########  ##     ##  ######  ########

You're about to initialize a Firebase project in this directory:

  /Users/jliang/Documents/In Progress/gmail-clone

[debug] [2021-06-06T07:20:35.621Z] <<< [apiv2][status] GET https://firebase-public.firebaseio.com/cli.json 200
[debug] [2021-06-06T07:20:35.622Z] <<< [apiv2][body] GET https://firebase-public.firebaseio.com/cli.json {"cloudBuildErrorAfter":1594252800000,"cloudBuildWarnAfter":1590019200000,"defaultNode10After":1594252800000,"minVersion":"3.0.5","node8DeploysDisabledAfter":1613390400000,"node8RuntimeDisabledAfter":1615809600000,"node8WarnAfter":1600128000000}
